proguard.cfg
-optimizationpasses 5
-dontusemixedcaseclassnames
-dontskipnonpubliclibraryclasses
-dontpreverify
-dontwarn
-ignorewarnings
-dontskipnonpubliclibraryclassmembers
-verbose
-optimizations !code/simplification/arithmetic,!field/*,!class/merging/*

-keepclassmembers class * { public <init>(android.content.​Context); }

-dontwarn android.support.v4.**  
-keep class android.support.v4.** { *; }
-keep interface android.support.v4.app.** { *; }
-keep public class * extends android.support.v4.**
-keep public class * extends android.app.Fragment
-keepattributes *Annotation*
-keep public class * extends android.app.Activity
-keep public class * extends android.app.Application
-keep public class * extends android.app.Service
-keep public class * extends android.content.BroadcastReceiver
-keep public class * extends android.content.ContentProvider
-keep public class * extends android.app.backup.BackupAgentHelper
-keep public class * extends android.preference.Preference
-keep public class com.android.vending.licensing.ILicensingService
-keep public class com.umeng.socialize.bean.SocializeEntity
-keepclassmembers class * {
   public <init>(org.json.JSONObject);
}
-keep public class zjdf.zhaogongzuo.R$*{
    public static final int *;
}

-keepclasseswithmembernames class * {
    native <methods>;
}

-keepclasseswithmembers class * {
    public <init>(android.content.Context, android.util.AttributeSet);
}

-keepclasseswithmembers class * {
    public <init>(android.content.Context, android.util.AttributeSet, int);
}

-keepclassmembers class * extends android.app.Activity {
   public void *(android.view.View);
}

-keepclassmembers enum * {
    public static **[] values();
    public static ** valueOf(java.lang.String);
}

-keep class * implements android.os.Parcelable {
  public static final android.os.Parcelable$Creator *;
}

#-keepclasseswithmembers class zjdf.zhaogongzuo.**{*; }
-keepclasseswithmembers class zjdf.zhaogongzuo.entity.**{*; }

-libraryjars libs/baidumapapi_v2_4_0.jar
-libraryjars libs/commons-io-2.4.jar
-libraryjars libs/fastjson-1.1.34.android.jar
-libraryjars libs/GetuiExt-1.2.0.jar
-libraryjars libs/GetuiSdk-1.5.0.0.jar
-libraryjars libs/httpmime-4.1.2.jar
-libraryjars libs/locSDK_3.1.jar
-libraryjars libs/SocialSDK_QQZone_1.jar
-libraryjars libs/SocialSDK_QQZone_2.jar
-libraryjars libs/SocialSDK_tencentWB_1.jar
-libraryjars libs/SocialSDK_tencentWB_2.jar
-libraryjars libs/SocialSDK_WeiXin.jar
-libraryjars libs/umeng_sdk.jar
-libraryjars libs/umeng_social_sdk.jar

-dontshrink
-dontoptimize
-keep class android.net.http.SslError
-keep class android.webkit.**{*;}
-keep class org.scribe.**{*;}
-keep class com.umeng.**
-keep class com.tencent.mm.**{*;}
-keep class com.baidu.**{*;}
-keep class vi.com.gdi.bgl.android.**{*;}
-keep class com.umeng.socialize.sensor.**
-keep class com.umeng.scrshot.**
-keep public interface com.umeng.socialize.sensor.**
-keep public interface com.umeng.scrshot.** 
-keep class m.framework.**{*;}
-keep class com.igexin.**{ *;}
-keep class sdk.**
-keep class com.handmark.pulltorefresh.**
-keep class org.apache.http.entity.**{*;}
-keep class com.tencent.open.TDialog$*
-keep class com.baidu.mapapi.**{*; }
-keep class com.baidu.platform.**{*; }
-keep class com.baidu.location.**{*; }
-keep class com.baidu.vi.**{*; }
-keep class vi.com.gdi.bgl.android.**{*; }
-keep class com.tencent.open.TDialog$*{*;}

-keep class com.tencent.open.PKDialog

-keep class com.tencent.open.PKDialog {*;}

-keep class com.tencent.open.PKDialog$*

-keep class com.tencent.open.PKDialog$* {*;}

-keep class com.tencent.mm.sdk.openapi.WXMediaMessage {*;}

-keep class com.tencent.mm.sdk.openapi.** implements com.tencent.mm.sdk.openapi.WXMediaMessage$IMediaObject {*;}

-dontwarn com.umeng.**
-dontwarn org.apache.commons.**
-dontwarn com.tencent.weibo.sdk.**
-dontwarn com.igexin.**
-dontwarn sdk.**
-keepattributes *Annotation*

-assumenosideeffects class android.util.Log {
    public static *** d(...);
    public static *** v(...);
    public static *** i(...);}