proguard/seeds.txt
zjdf.zhaogongzuo.MainActivity
zjdf.zhaogongzuo.MainActivity: MainActivity()
zjdf.zhaogongzuo.R$anim
zjdf.zhaogongzuo.R$anim: int address_sub_in
zjdf.zhaogongzuo.R$anim: int address_sub_in_layout
zjdf.zhaogongzuo.R$anim: int address_sub_out
zjdf.zhaogongzuo.R$anim: int dialog_in_from_bottom
zjdf.zhaogongzuo.R$anim: int dialog_out_to_bottom
zjdf.zhaogongzuo.R$anim: int dync_in_from_right
zjdf.zhaogongzuo.R$anim: int dync_out_to_left
zjdf.zhaogongzuo.R$anim: int in_from_right
zjdf.zhaogongzuo.R$anim: int out_to_left
zjdf.zhaogongzuo.R$anim: int slide_in_from_bottom
zjdf.zhaogongzuo.R$anim: int slide_in_from_top
zjdf.zhaogongzuo.R$anim: int slide_in_left
zjdf.zhaogongzuo.R$anim: int slide_in_right
zjdf.zhaogongzuo.R$anim: int slide_out_left
zjdf.zhaogongzuo.R$anim: int slide_out_right
zjdf.zhaogongzuo.R$anim: int slide_out_to_bottom
zjdf.zhaogongzuo.R$anim: int slide_out_to_top
zjdf.zhaogongzuo.R$anim: int umeng_socialize_fade_in
zjdf.zhaogongzuo.R$anim: int umeng_socialize_fade_out
zjdf.zhaogongzuo.R$anim: int umeng_socialize_shareboard_animation_in
zjdf.zhaogongzuo.R$anim: int umeng_socialize_shareboard_animation_out
zjdf.zhaogongzuo.R$anim: int umeng_socialize_slide_in_from_bottom
zjdf.zhaogongzuo.R$anim: int umeng_socialize_slide_out_from_bottom
zjdf.zhaogongzuo.R$attr
zjdf.zhaogongzuo.R$attr: int ptrAdapterViewBackground
zjdf.zhaogongzuo.R$attr: int ptrAnimationStyle
zjdf.zhaogongzuo.R$attr: int ptrDrawable
zjdf.zhaogongzuo.R$attr: int ptrDrawableBottom
zjdf.zhaogongzuo.R$attr: int ptrDrawableEnd
zjdf.zhaogongzuo.R$attr: int ptrDrawableStart
zjdf.zhaogongzuo.R$attr: int ptrDrawableTop
zjdf.zhaogongzuo.R$attr: int ptrHeaderBackground
zjdf.zhaogongzuo.R$attr: int ptrHeaderSubTextColor
zjdf.zhaogongzuo.R$attr: int ptrHeaderTextAppearance
zjdf.zhaogongzuo.R$attr: int ptrHeaderTextColor
zjdf.zhaogongzuo.R$attr: int ptrListViewExtrasEnabled
zjdf.zhaogongzuo.R$attr: int ptrMode
zjdf.zhaogongzuo.R$attr: int ptrOverScroll
zjdf.zhaogongzuo.R$attr: int ptrRefreshableViewBackground
zjdf.zhaogongzuo.R$attr: int ptrRotateDrawableWhilePulling
zjdf.zhaogongzuo.R$attr: int ptrScrollingWhileRefreshingEnabled
zjdf.zhaogongzuo.R$attr: int ptrShowIndicator
zjdf.zhaogongzuo.R$attr: int ptrSubHeaderTextAppearance
zjdf.zhaogongzuo.R$color
zjdf.zhaogongzuo.R$color: int Lightgreen
zjdf.zhaogongzuo.R$color: int about_bg
zjdf.zhaogongzuo.R$color: int black
zjdf.zhaogongzuo.R$color: int black_half
zjdf.zhaogongzuo.R$color: int blue
zjdf.zhaogongzuo.R$color: int but_normal
zjdf.zhaogongzuo.R$color: int but_press
zjdf.zhaogongzuo.R$color: int darkcyan
zjdf.zhaogongzuo.R$color: int darkseagreen
zjdf.zhaogongzuo.R$color: int deep_blue
zjdf.zhaogongzuo.R$color: int dialog_btn_press
zjdf.zhaogongzuo.R$color: int ghostwhite
zjdf.zhaogongzuo.R$color: int gray
zjdf.zhaogongzuo.R$color: int gray_deep
zjdf.zhaogongzuo.R$color: int gray_deep1
zjdf.zhaogongzuo.R$color: int gray_deep2
zjdf.zhaogongzuo.R$color: int image_bg
zjdf.zhaogongzuo.R$color: int lavender
zjdf.zhaogongzuo.R$color: int lightgray
zjdf.zhaogongzuo.R$color: int lightred
zjdf.zhaogongzuo.R$color: int lightyellow
zjdf.zhaogongzuo.R$color: int msg_bg
zjdf.zhaogongzuo.R$color: int msg_hand
zjdf.zhaogongzuo.R$color: int msg_hand_1
zjdf.zhaogongzuo.R$color: int no_color
zjdf.zhaogongzuo.R$color: int radiobg_normal
zjdf.zhaogongzuo.R$color: int radiobg_press
zjdf.zhaogongzuo.R$color: int red
zjdf.zhaogongzuo.R$color: int share_dialog_bg
zjdf.zhaogongzuo.R$color: int umeng_socialize_color_group
zjdf.zhaogongzuo.R$color: int umeng_socialize_comments_bg
zjdf.zhaogongzuo.R$color: int umeng_socialize_divider
zjdf.zhaogongzuo.R$color: int umeng_socialize_edit_bg
zjdf.zhaogongzuo.R$color: int umeng_socialize_grid_divider_line
...
com.umeng.socialize.common.SocialResHelper$c
com.umeng.socialize.common.SocialResHelper$c: com.umeng.socialize.common.SocialResHelper$c[] values()
com.umeng.socialize.common.SocialResHelper$c: com.umeng.socialize.common.SocialResHelper$c valueOf(java.lang.String)
com.umeng.socialize.common.SocializeConstants
com.umeng.socialize.common.a
com.umeng.socialize.common.b
com.umeng.socialize.common.b$a
com.umeng.socialize.common.b$a: com.umeng.socialize.common.b$a[] values()
com.umeng.socialize.common.b$a: com.umeng.socialize.common.b$a valueOf(java.lang.String)
com.umeng.socialize.common.b$b
com.umeng.socialize.common.c
com.umeng.socialize.common.d
com.umeng.socialize.common.e
com.umeng.socialize.common.f
com.umeng.socialize.common.g
com.umeng.socialize.common.h
com.umeng.socialize.common.i
com.umeng.socialize.common.j
com.umeng.socialize.common.k
com.umeng.socialize.common.l
com.umeng.socialize.controller.RequestType
com.umeng.socialize.controller.RequestType: com.umeng.socialize.controller.RequestType[] values()
com.umeng.socialize.controller.RequestType: com.umeng.socialize.controller.RequestType valueOf(java.lang.String)
com.umeng.socialize.controller.UMInfoAgent
com.umeng.socialize.controller.UMQQSsoHandler
com.umeng.socialize.controller.UMQQSsoHandler$1
com.umeng.socialize.controller.UMQQSsoHandler$2
com.umeng.socialize.controller.UMQQSsoHandler$3
com.umeng.socialize.controller.UMQQSsoHandler$4
com.umeng.socialize.controller.UMQQSsoHandler$5
com.umeng.socialize.controller.UMQQSsoHandler$6
com.umeng.socialize.controller.UMQQSsoHandler$7
com.umeng.socialize.controller.UMQQSsoHandler$TimeOutHandler
com.umeng.socialize.controller.UMServiceFactory
com.umeng.socialize.controller.UMServiceFactory$a
com.umeng.socialize.controller.UMSocialService
com.umeng.socialize.controller.UMSsoHandler
com.umeng.socialize.controller.UMWXHandler
com.umeng.socialize.controller.UMWXHandler$a
com.umeng.socialize.controller.a
com.umeng.socialize.controller.a.a
com.umeng.socialize.controller.a.aa
com.umeng.socialize.controller.a.ab
com.umeng.socialize.controller.a.ac
com.umeng.socialize.controller.a.ad
com.umeng.socialize.controller.a.ae
com.umeng.socialize.controller.a.af
com.umeng.socialize.controller.a.ag
com.umeng.socialize.controller.a.ah
com.umeng.socialize.controller.a.ai
com.umeng.socialize.controller.a.aj
com.umeng.socialize.controller.a.ak
com.umeng.socialize.controller.a.al
com.umeng.socialize.controller.a.am
com.umeng.socialize.controller.a.an
com.umeng.socialize.controller.a.ao
com.umeng.socialize.controller.a.b
com.umeng.socialize.controller.a.c
com.umeng.socialize.controller.a.c$a
com.umeng.socialize.controller.a.d
com.umeng.socialize.controller.a.e
com.umeng.socialize.controller.a.f
com.umeng.socialize.controller.a.g
com.umeng.socialize.controller.a.h
com.umeng.socialize.controller.a.i
com.umeng.socialize.controller.a.j
com.umeng.socialize.controller.a.k
com.umeng.socialize.controller.a.l
com.umeng.socialize.controller.a.m
com.umeng.socialize.controller.a.n
com.umeng.socialize.controller.a.o
com.umeng.socialize.controller.a.p
com.umeng.socialize.controller.a.q
com.umeng.socialize.controller.a.r
com.umeng.socialize.controller.a.s
com.umeng.socialize.controller.a.t
com.umeng.socialize.controller.a.u
com.umeng.socialize.controller.a.v
com.umeng.socialize.controller.a.w
com.umeng.socialize.controller.a.x
com.umeng.socialize.controller.a.y
com.umeng.socialize.controller.a.z
com.umeng.socialize.controller.b
com.umeng.socialize.controller.c
com.umeng.socialize.controller.d
com.umeng.socialize.controller.e
com.umeng.socialize.controller.f
com.umeng.socialize.controller.g
com.umeng.socialize.controller.h
com.umeng.socialize.controller.i
com.umeng.socialize.controller.listener.SocializeListeners
com.umeng.socialize.controller.listener.SocializeListeners$DirectShareListener
com.umeng.socialize.controller.listener.SocializeListeners$FetchCommetsListener
com.umeng.socialize.controller.listener.SocializeListeners$FetchFriendsListener