proguard/mapping.txt
zjdf.zhaogongzuo.BuildConfig -> zjdf.zhaogongzuo.a:
    boolean DEBUG -> a
zjdf.zhaogongzuo.MainActivity -> zjdf.zhaogongzuo.MainActivity:
    zjdf.zhaogongzuo.fragments.SearchFragment mSearchFm -> d
    android.widget.TextView menu_item_search -> e
    zjdf.zhaogongzuo.fragments.MessageFragment mMessageFm -> f
    android.widget.TextView menu_item_msg -> g
    zjdf.zhaogongzuo.fragments.MycenterFragment mMycenterFm -> h
    android.widget.TextView menu_item_mycenter -> i
    zjdf.zhaogongzuo.fragments.MoreFragment mMoreFm -> j
    android.widget.TextView menu_item_more -> k
    android.support.v4.app.FragmentManager mFragmentManager -> l
    int color_normal -> m
    int color_selected -> n
    android.graphics.drawable.Drawable searchDrawable_n -> o
    android.graphics.drawable.Drawable searchDrawable_p -> p
    android.graphics.drawable.Drawable msgDrawable_n -> q
    android.graphics.drawable.Drawable msgDrawable_p -> r
    android.graphics.drawable.Drawable mycenterDrawable_n -> s
    android.graphics.drawable.Drawable mycenterDrawable_p -> t
    android.graphics.drawable.Drawable moreDrawable_n -> u
    android.graphics.drawable.Drawable moreDrawable_p -> v
    zjdf.zhaogongzuo.entity.User user -> w
    zjdf.zhaogongzuo.activity.ApplicationConfig mApplication -> x
    android.widget.PopupWindow pop -> y
    android.widget.LinearLayout main_tabs -> z
    android.content.Context context -> A
    zjdf.zhaogongzuo.controllers.MoreController moreController -> B
    com.baidu.location.LocationClient locationClient -> C
    int UPDATE_TIME -> D
zjdf.zhaogongzuo.MainActivity$1 -> zjdf.zhaogongzuo.b:
    zjdf.zhaogongzuo.MainActivity this$0 -> a
    void onClick(android.view.View) -> onClick
zjdf.zhaogongzuo.MainActivity$10 -> zjdf.zhaogongzuo.c:
    zjdf.zhaogongzuo.MainActivity this$0 -> a
    void run() -> run
zjdf.zhaogongzuo.MainActivity$2 -> zjdf.zhaogongzuo.d:
    zjdf.zhaogongzuo.MainActivity this$0 -> a
    void onReceive(android.content.Context,android.content.Intent) -> onReceive
    zjdf.zhaogongzuo.MainActivity access$0(zjdf.zhaogongzuo.MainActivity$2) -> a
zjdf.zhaogongzuo.MainActivity$2$1 -> zjdf.zhaogongzuo.e:
    zjdf.zhaogongzuo.MainActivity$2 this$1 -> a
    void run() -> run
zjdf.zhaogongzuo.MainActivity$3 -> zjdf.zhaogongzuo.f:
    zjdf.zhaogongzuo.MainActivity this$0 -> a
    void handleMessage(android.os.Message) -> handleMessage
zjdf.zhaogongzuo.MainActivity$4 -> zjdf.zhaogongzuo.g:
    zjdf.zhaogongzuo.MainActivity this$0 -> a
    void onServiceConnected(android.content.ComponentName,android.os.IBinder) -> onServiceConnected
    void onServiceDisconnected(android.content.ComponentName) -> onServiceDisconnected
zjdf.zhaogongzuo.MainActivity$5 -> zjdf.zhaogongzuo.h:
    zjdf.zhaogongzuo.MainActivity this$0 -> a
    void onReceiveLocation(com.baidu.location.BDLocation) -> onReceiveLocation
    void onReceivePoi(com.baidu.location.BDLocation) -> onReceivePoi
zjdf.zhaogongzuo.MainActivity$6 -> zjdf.zhaogongzuo.i:
    zjdf.zhaogongzuo.MainActivity this$0 -> a
    void run() -> run
zjdf.zhaogongzuo.MainActivity$7 -> zjdf.zhaogongzuo.j:
    zjdf.zhaogongzuo.MainActivity this$0 -> a
    void run() -> run
zjdf.zhaogongzuo.MainActivity$8 -> zjdf.zhaogongzuo.k:
    zjdf.zhaogongzuo.MainActivity this$0 -> a
    void onClick(android.content.DialogInterface,int) -> onClick
zjdf.zhaogongzuo.MainActivity$9 -> zjdf.zhaogongzuo.l:
    zjdf.zhaogongzuo.MainActivity this$0 -> a
    void onClick(android.content.DialogInterface,int) -> onClick
zjdf.zhaogongzuo.Manifest -> zjdf.zhaogongzuo.m:
zjdf.zhaogongzuo.Manifest$permission -> zjdf.zhaogongzuo.n:
    java.lang.String BAIDU_LOCATION_SERVICE -> a
zjdf.zhaogongzuo.R -> zjdf.zhaogongzuo.R:
...
android.support.v4.view.VelocityTrackerCompat -> android.support.v4.view.VelocityTrackerCompat:
    android.support.v4.view.VelocityTrackerCompat$VelocityTrackerVersionImpl IMPL -> IMPL
    float getXVelocity(android.view.VelocityTracker,int) -> getXVelocity
    float getYVelocity(android.view.VelocityTracker,int) -> getYVelocity
android.support.v4.view.VelocityTrackerCompat$BaseVelocityTrackerVersionImpl -> android.support.v4.view.VelocityTrackerCompat$BaseVelocityTrackerVersionImpl:
    float getXVelocity(android.view.VelocityTracker,int) -> getXVelocity
    float getYVelocity(android.view.VelocityTracker,int) -> getYVelocity
android.support.v4.view.VelocityTrackerCompat$HoneycombVelocityTrackerVersionImpl -> android.support.v4.view.VelocityTrackerCompat$HoneycombVelocityTrackerVersionImpl:
    float getXVelocity(android.view.VelocityTracker,int) -> getXVelocity
    float getYVelocity(android.view.VelocityTracker,int) -> getYVelocity
android.support.v4.view.VelocityTrackerCompat$VelocityTrackerVersionImpl -> android.support.v4.view.VelocityTrackerCompat$VelocityTrackerVersionImpl:
    float getXVelocity(android.view.VelocityTracker,int) -> getXVelocity
    float getYVelocity(android.view.VelocityTracker,int) -> getYVelocity
android.support.v4.view.VelocityTrackerCompatHoneycomb -> android.support.v4.view.VelocityTrackerCompatHoneycomb:
    float getXVelocity(android.view.VelocityTracker,int) -> getXVelocity
    float getYVelocity(android.view.VelocityTracker,int) -> getYVelocity
android.support.v4.view.ViewCompat -> android.support.v4.view.ViewCompat:
    int OVER_SCROLL_ALWAYS -> OVER_SCROLL_ALWAYS
    int OVER_SCROLL_IF_CONTENT_SCROLLS -> OVER_SCROLL_IF_CONTENT_SCROLLS
    int OVER_SCROLL_NEVER -> OVER_SCROLL_NEVER
    long FAKE_FRAME_TIME -> FAKE_FRAME_TIME
    int IMPORTANT_FOR_ACCESSIBILITY_AUTO -> IMPORTANT_FOR_ACCESSIBILITY_AUTO
    int IMPORTANT_FOR_ACCESSIBILITY_YES -> IMPORTANT_FOR_ACCESSIBILITY_YES
    int IMPORTANT_FOR_ACCESSIBILITY_NO -> IMPORTANT_FOR_ACCESSIBILITY_NO
    int IMPORTANT_FOR_ACCESSIBILITY_NO_HIDE_DESCENDANTS -> IMPORTANT_FOR_ACCESSIBILITY_NO_HIDE_DESCENDANTS
    int ACCESSIBILITY_LIVE_REGION_NONE -> ACCESSIBILITY_LIVE_REGION_NONE
    int ACCESSIBILITY_LIVE_REGION_POLITE -> ACCESSIBILITY_LIVE_REGION_POLITE
    int ACCESSIBILITY_LIVE_REGION_ASSERTIVE -> ACCESSIBILITY_LIVE_REGION_ASSERTIVE
    int LAYER_TYPE_NONE -> LAYER_TYPE_NONE
    int LAYER_TYPE_SOFTWARE -> LAYER_TYPE_SOFTWARE
    int LAYER_TYPE_HARDWARE -> LAYER_TYPE_HARDWARE
    int LAYOUT_DIRECTION_LTR -> LAYOUT_DIRECTION_LTR
    int LAYOUT_DIRECTION_RTL -> LAYOUT_DIRECTION_RTL
    int LAYOUT_DIRECTION_INHERIT -> LAYOUT_DIRECTION_INHERIT
    int LAYOUT_DIRECTION_LOCALE -> LAYOUT_DIRECTION_LOCALE
    int MEASURED_SIZE_MASK -> MEASURED_SIZE_MASK
    int MEASURED_STATE_MASK -> MEASURED_STATE_MASK
    int MEASURED_HEIGHT_STATE_SHIFT -> MEASURED_HEIGHT_STATE_SHIFT
    int MEASURED_STATE_TOO_SMALL -> MEASURED_STATE_TOO_SMALL